0 info it worked if it ends with ok
1 verbose cli [ '/usr/bin/node', '/usr/bin/npm', 'run', 'scrape:pokemon' ]
2 info using npm@3.10.10
3 info using node@v6.11.4
4 verbose run-script [ 'prescrape:pokemon', 'scrape:pokemon', 'postscrape:pokemon' ]
5 info lifecycle boilerplate-react-webpack@0.1.1~prescrape:pokemon: boilerplate-react-webpack@0.1.1
6 silly lifecycle boilerplate-react-webpack@0.1.1~prescrape:pokemon: no script for prescrape:pokemon, continuing
7 info lifecycle boilerplate-react-webpack@0.1.1~scrape:pokemon: boilerplate-react-webpack@0.1.1
8 verbose lifecycle boilerplate-react-webpack@0.1.1~scrape:pokemon: unsafe-perm in lifecycle true
9 verbose lifecycle boilerplate-react-webpack@0.1.1~scrape:pokemon: PATH: /usr/lib/node_modules/npm/bin/node-gyp-bin:/home/symeshjb/workspace/reactre-dex/node_modules/.bin:/home/symeshjb/bin:/home/symeshjb/.local/bin:/usr/local/sbin:/usr/local/bin:/usr/sbin:/usr/bin:/sbin:/bin:/usr/games:/usr/local/games:/snap/bin
10 verbose lifecycle boilerplate-react-webpack@0.1.1~scrape:pokemon: CWD: /home/symeshjb/workspace/reactre-dex
11 silly lifecycle boilerplate-react-webpack@0.1.1~scrape:pokemon: Args: [ '-c', 'node server/scrape/scrapePokemon.js' ]
12 silly lifecycle boilerplate-react-webpack@0.1.1~scrape:pokemon: Returned: code: 143  signal: null
13 info lifecycle boilerplate-react-webpack@0.1.1~scrape:pokemon: Failed to exec scrape:pokemon script
14 verbose stack Error: boilerplate-react-webpack@0.1.1 scrape:pokemon: `node server/scrape/scrapePokemon.js`
14 verbose stack Exit status 143
14 verbose stack     at EventEmitter.<anonymous> (/usr/lib/node_modules/npm/lib/utils/lifecycle.js:255:16)
14 verbose stack     at emitTwo (events.js:106:13)
14 verbose stack     at EventEmitter.emit (events.js:191:7)
14 verbose stack     at ChildProcess.<anonymous> (/usr/lib/node_modules/npm/lib/utils/spawn.js:40:14)
14 verbose stack     at emitTwo (events.js:106:13)
14 verbose stack     at ChildProcess.emit (events.js:191:7)
14 verbose stack     at maybeClose (internal/child_process.js:920:16)
14 verbose stack     at Process.ChildProcess._handle.onexit (internal/child_process.js:230:5)
15 verbose pkgid boilerplate-react-webpack@0.1.1
16 verbose cwd /home/symeshjb/workspace/reactre-dex
17 error Linux 4.4.6-3-surface
18 error argv "/usr/bin/node" "/usr/bin/npm" "run" "scrape:pokemon"
19 error node v6.11.4
20 error npm  v3.10.10
21 error code ELIFECYCLE
22 error boilerplate-react-webpack@0.1.1 scrape:pokemon: `node server/scrape/scrapePokemon.js`
22 error Exit status 143
23 error Failed at the boilerplate-react-webpack@0.1.1 scrape:pokemon script 'node server/scrape/scrapePokemon.js'.
23 error Make sure you have the latest version of node.js and npm installed.
23 error If you do, this is most likely a problem with the boilerplate-react-webpack package,
23 error not with npm itself.
23 error Tell the author that this fails on your system:
23 error     node server/scrape/scrapePokemon.js
23 error You can get information on how to open an issue for this project with:
23 error     npm bugs boilerplate-react-webpack
23 error Or if that isn't available, you can get their info via:
23 error     npm owner ls boilerplate-react-webpack
23 error There is likely additional logging output above.
24 verbose exit [ 1, true ]
